Using pre-set license
Built from '2020.3/staging' branch; Version is '2020.3.24f1 (79c78de19888) revision 7980941'; Using compiler version '192528614'; Build Type 'Release'
OS: 'Windows 10  (10.0.19043) 64bit Core' Language: 'en' Physical Memory: 32678 MB
BatchMode: 1, IsHumanControllingUs: 0, StartBugReporterOnCrash: 0, Is64bit: 1, IsPro: 0

COMMAND LINE ARGUMENTS:
D:\Johanna\Unity\Editor\2020.3.24f1\Editor\Unity.exe
-adb2
-batchMode
-noUpm
-name
AssetImportWorker0
-projectPath
D:/Johanna/Game development/GitHub/Tech_demo/Tech_Demo_2.0
-logFile
Logs/AssetImportWorker0.log
-srvPort
62980
Successfully changed project path to: D:/Johanna/Game development/GitHub/Tech_demo/Tech_Demo_2.0
D:/Johanna/Game development/GitHub/Tech_demo/Tech_Demo_2.0
Using Asset Import Pipeline V2.
Refreshing native plugins compatible for Editor in 41.53 ms, found 2 plugins.
Preloading 0 native plugins for Editor in 0.00 ms.
Initialize engine version: 2020.3.24f1 (79c78de19888)
[Subsystems] Discovering subsystems at path D:/Johanna/Unity/Editor/2020.3.24f1/Editor/Data/Resources/UnitySubsystems
[Subsystems] Discovering subsystems at path D:/Johanna/Game development/GitHub/Tech_demo/Tech_Demo_2.0/Assets
GfxDevice: creating device client; threaded=0
Direct3D:
    Version:  Direct3D 11.0 [level 11.1]
    Renderer: NVIDIA GeForce RTX 3060 Ti (ID=0x2489)
    Vendor:   
    VRAM:     8050 MB
    Driver:   30.0.14.9709
Initialize mono
Mono path[0] = 'D:/Johanna/Unity/Editor/2020.3.24f1/Editor/Data/Managed'
Mono path[1] = 'D:/Johanna/Unity/Editor/2020.3.24f1/Editor/Data/MonoBleedingEdge/lib/mono/unityjit'
Mono config path = 'D:/Johanna/Unity/Editor/2020.3.24f1/Editor/Data/MonoBleedingEdge/etc'
Using monoOptions --debugger-agent=transport=dt_socket,embedding=1,server=y,suspend=n,address=127.0.0.1:56236
Begin MonoManager ReloadAssembly
Registering precompiled unity dll's ...
Register platform support module: D:/Johanna/Unity/Editor/2020.3.24f1/Editor/Data/PlaybackEngines/WebGLSupport/UnityEditor.WebGL.Extensions.dll
Register platform support module: D:/Johanna/Unity/Editor/2020.3.24f1/Editor/Data/PlaybackEngines/MacStandaloneSupport/UnityEditor.OSXStandalone.Extensions.dll
Register platform support module: D:/Johanna/Unity/Editor/2020.3.24f1/Editor/Data/PlaybackEngines/WindowsStandaloneSupport/UnityEditor.WindowsStandalone.Extensions.dll
Registered in 0.003783 seconds.
Native extension for WindowsStandalone target not found
Native extension for OSXStandalone target not found
Native extension for WebGL target not found
Refreshing native plugins compatible for Editor in 40.64 ms, found 2 plugins.
Preloading 0 native plugins for Editor in 0.00 ms.
Mono: successfully reloaded assembly
- Completed reload, in  0.420 seconds
Domain Reload Profiling:
	ReloadAssembly (420ms)
		BeginReloadAssembly (51ms)
			ExecutionOrderSort (0ms)
			DisableScriptedObjects (0ms)
			BackupInstance (0ms)
			ReleaseScriptingObjects (0ms)
			CreateAndSetChildDomain (1ms)
		EndReloadAssembly (311ms)
			LoadAssemblies (48ms)
			RebuildTransferFunctionScriptingTraits (0ms)
			SetupTypeCache (91ms)
			ReleaseScriptCaches (0ms)
			RebuildScriptCaches (18ms)
			SetupLoadedEditorAssemblies (128ms)
				LogAssemblyErrors (0ms)
				InitializePlatformSupportModulesInManaged (5ms)
				SetLoadedEditorAssemblies (0ms)
				RefreshPlugins (41ms)
				BeforeProcessingInitializeOnLoad (11ms)
				ProcessInitializeOnLoadAttributes (53ms)
				ProcessInitializeOnLoadMethodAttributes (18ms)
				AfterProcessingInitializeOnLoad (0ms)
				EditorAssembliesLoaded (0ms)
			ExecutionOrderSort2 (0ms)
			AwakeInstancesAfterBackupRestoration (0ms)
Platform modules already initialized, skipping
Registering precompiled user dll's ...
Registered in 0.006047 seconds.
Begin MonoManager ReloadAssembly
Native extension for WindowsStandalone target not found
Native extension for OSXStandalone target not found
Native extension for WebGL target not found
Refreshing native plugins compatible for Editor in 42.42 ms, found 2 plugins.
Preloading 0 native plugins for Editor in 0.00 ms.
Mono: successfully reloaded assembly
- Completed reload, in  0.804 seconds
Domain Reload Profiling:
	ReloadAssembly (804ms)
		BeginReloadAssembly (107ms)
			ExecutionOrderSort (0ms)
			DisableScriptedObjects (3ms)
			BackupInstance (0ms)
			ReleaseScriptingObjects (0ms)
			CreateAndSetChildDomain (15ms)
		EndReloadAssembly (646ms)
			LoadAssemblies (83ms)
			RebuildTransferFunctionScriptingTraits (0ms)
			SetupTypeCache (197ms)
			ReleaseScriptCaches (1ms)
			RebuildScriptCaches (31ms)
			SetupLoadedEditorAssemblies (267ms)
				LogAssemblyErrors (0ms)
				InitializePlatformSupportModulesInManaged (4ms)
				SetLoadedEditorAssemblies (0ms)
				RefreshPlugins (43ms)
				BeforeProcessingInitializeOnLoad (75ms)
				ProcessInitializeOnLoadAttributes (130ms)
				ProcessInitializeOnLoadMethodAttributes (6ms)
				AfterProcessingInitializeOnLoad (9ms)
				EditorAssembliesLoaded (0ms)
			ExecutionOrderSort2 (0ms)
			AwakeInstancesAfterBackupRestoration (4ms)
Platform modules already initialized, skipping
========================================================================
Worker process is ready to serve import requests
Launched and connected shader compiler UnityShaderCompiler.exe after 0.04 seconds
Refreshing native plugins compatible for Editor in 0.65 ms, found 2 plugins.
Preloading 0 native plugins for Editor in 0.00 ms.
Unloading 2886 Unused Serialized files (Serialized files now loaded: 0)
System memory in use before: 146.2 MB.
System memory in use after: 146.4 MB.

Unloading 20 unused Assets to reduce memory usage. Loaded Objects now: 3337.
Total: 2.783000 ms (FindLiveObjects: 0.297300 ms CreateObjectMapping: 0.059100 ms MarkObjects: 2.315400 ms  DeleteObjects: 0.110400 ms)

AssetImportParameters requested are different than current active one (requested -> active):
  custom:framework-win-MediaFoundation: 216162199b28c13a410421893ffa2e32 -> 
  custom:video-decoder-ogg-theora: a1e56fd34408186e4bbccfd4996cb3dc -> 
  custom:container-muxer-webm: aa71ff27fc2769a1b78a27578f13a17b -> 
  custom:container-demuxer-webm: 4f35f7cbe854078d1ac9338744f61a02 -> 
  custom:container-demuxer-ogg: 62fdf1f143b41e24485cea50d1cbac27 -> 
  custom:video-encoder-webm-vp8: eb34c28f22e8b96e1ab97ce403110664 -> 
  custom:video-decoder-webm-vp8: 9c59270c3fd7afecdb556c50c9e8de78 -> 
  custom:audio-decoder-ogg-vorbis: bf7c407c2cedff20999df2af8eb42d56 -> 
  custom:audio-encoder-webm-vorbis: bf7c407c2cedff20999df2af8eb42d56 -> 
========================================================================
Received Import Request.
  path: Assets/Prefabs/Portal.prefab
  artifactKey: Guid(15511044e6ebde14f9a9653e3ceedee3) Importer(815301076,1909f56bfc062723c751e8b465ee728b)
Start importing Assets/Prefabs/Portal.prefab using Guid(15511044e6ebde14f9a9653e3ceedee3) Importer(815301076,1909f56bfc062723c751e8b465ee728b)  -> (artifact id: 'a836b8a23187b56df628b6020b372102') in 0.114522 seconds 
  Import took 0.120881 seconds .

========================================================================
Received Import Request.
  Time since last request: 5.106807 seconds.
  path: Assets/Prefabs/Portal.prefab
  artifactKey: Guid(15511044e6ebde14f9a9653e3ceedee3) Importer(815301076,1909f56bfc062723c751e8b465ee728b)
Start importing Assets/Prefabs/Portal.prefab using Guid(15511044e6ebde14f9a9653e3ceedee3) Importer(815301076,1909f56bfc062723c751e8b465ee728b)  -> (artifact id: '7f94f09d68b63e1eb7fe92ef2f02204b') in 0.041124 seconds 
  Import took 0.046408 seconds .

========================================================================
Received Import Request.
  Time since last request: 4.580900 seconds.
  path: Assets/Prefabs/Portal.prefab
  artifactKey: Guid(15511044e6ebde14f9a9653e3ceedee3) Importer(815301076,1909f56bfc062723c751e8b465ee728b)
Start importing Assets/Prefabs/Portal.prefab using Guid(15511044e6ebde14f9a9653e3ceedee3) Importer(815301076,1909f56bfc062723c751e8b465ee728b)  -> (artifact id: '6f1c24696242db12a1fcbfca9d58f449') in 0.039477 seconds 
  Import took 0.045802 seconds .

========================================================================
Received Import Request.
  Time since last request: 3.584237 seconds.
  path: Assets/Prefabs/Portal.prefab
  artifactKey: Guid(15511044e6ebde14f9a9653e3ceedee3) Importer(815301076,1909f56bfc062723c751e8b465ee728b)
Start importing Assets/Prefabs/Portal.prefab using Guid(15511044e6ebde14f9a9653e3ceedee3) Importer(815301076,1909f56bfc062723c751e8b465ee728b)  -> (artifact id: 'a8fa305fda221d50dcbd18c8457439e5') in 0.040168 seconds 
  Import took 0.045380 seconds .

========================================================================
Received Import Request.
  Time since last request: 9.225998 seconds.
  path: Assets/Prefabs/Portal.prefab
  artifactKey: Guid(15511044e6ebde14f9a9653e3ceedee3) Importer(815301076,1909f56bfc062723c751e8b465ee728b)
Start importing Assets/Prefabs/Portal.prefab using Guid(15511044e6ebde14f9a9653e3ceedee3) Importer(815301076,1909f56bfc062723c751e8b465ee728b)  -> (artifact id: 'fe078663e42745a88f7c778e0cda3754') in 0.040257 seconds 
  Import took 0.045361 seconds .

========================================================================
Received Import Request.
  Time since last request: 41.047394 seconds.
  path: Assets/Prefabs/Portal.prefab
  artifactKey: Guid(15511044e6ebde14f9a9653e3ceedee3) Importer(815301076,1909f56bfc062723c751e8b465ee728b)
Start importing Assets/Prefabs/Portal.prefab using Guid(15511044e6ebde14f9a9653e3ceedee3) Importer(815301076,1909f56bfc062723c751e8b465ee728b)  -> (artifact id: '9fff32277be65337783025b5e2aa2520') in 0.037968 seconds 
  Import took 0.042846 seconds .

========================================================================
Received Import Request.
  Time since last request: 15.464999 seconds.
  path: Assets/Prefabs/Portal.prefab
  artifactKey: Guid(15511044e6ebde14f9a9653e3ceedee3) Importer(815301076,1909f56bfc062723c751e8b465ee728b)
Start importing Assets/Prefabs/Portal.prefab using Guid(15511044e6ebde14f9a9653e3ceedee3) Importer(815301076,1909f56bfc062723c751e8b465ee728b)  -> (artifact id: '71b6deef52b8bc6f829b5299acf94b5d') in 0.038762 seconds 
  Import took 0.043916 seconds .

========================================================================
Received Import Request.
  Time since last request: 4.980078 seconds.
  path: Assets/Prefabs/Portal.prefab
  artifactKey: Guid(15511044e6ebde14f9a9653e3ceedee3) Importer(815301076,1909f56bfc062723c751e8b465ee728b)
Start importing Assets/Prefabs/Portal.prefab using Guid(15511044e6ebde14f9a9653e3ceedee3) Importer(815301076,1909f56bfc062723c751e8b465ee728b)  -> (artifact id: '19c1f12b5fd634cb9e58d938467dfc1f') in 0.039031 seconds 
  Import took 0.044764 seconds .

========================================================================
Received Import Request.
  Time since last request: 413.503393 seconds.
  path: Assets/Prefabs/Portal.prefab
  artifactKey: Guid(15511044e6ebde14f9a9653e3ceedee3) Importer(815301076,1909f56bfc062723c751e8b465ee728b)
Start importing Assets/Prefabs/Portal.prefab using Guid(15511044e6ebde14f9a9653e3ceedee3) Importer(815301076,1909f56bfc062723c751e8b465ee728b)  -> (artifact id: '899467339dfe0777a3d0153cce1c86bf') in 0.036524 seconds 
  Import took 0.042162 seconds .

========================================================================
Received Import Request.
  Time since last request: 175.446085 seconds.
  path: Assets/Prefabs/Portal.prefab
  artifactKey: Guid(15511044e6ebde14f9a9653e3ceedee3) Importer(815301076,1909f56bfc062723c751e8b465ee728b)
Start importing Assets/Prefabs/Portal.prefab using Guid(15511044e6ebde14f9a9653e3ceedee3) Importer(815301076,1909f56bfc062723c751e8b465ee728b)  -> (artifact id: '8aae54ddcf121968fa67cadeec75327c') in 0.037466 seconds 
  Import took 0.042663 seconds .

========================================================================
Received Import Request.
  Time since last request: 8.196917 seconds.
  path: Assets/Prefabs/Portal.prefab
  artifactKey: Guid(15511044e6ebde14f9a9653e3ceedee3) Importer(815301076,1909f56bfc062723c751e8b465ee728b)
Start importing Assets/Prefabs/Portal.prefab using Guid(15511044e6ebde14f9a9653e3ceedee3) Importer(815301076,1909f56bfc062723c751e8b465ee728b)  -> (artifact id: 'bad5f8f698653c18e2d3babcf395f106') in 0.037393 seconds 
  Import took 0.042507 seconds .

========================================================================
Received Import Request.
  Time since last request: 2.975382 seconds.
  path: Assets/Prefabs/Portal.prefab
  artifactKey: Guid(15511044e6ebde14f9a9653e3ceedee3) Importer(815301076,1909f56bfc062723c751e8b465ee728b)
Start importing Assets/Prefabs/Portal.prefab using Guid(15511044e6ebde14f9a9653e3ceedee3) Importer(815301076,1909f56bfc062723c751e8b465ee728b)  -> (artifact id: 'd0998c72355f189b3427eded46cefd04') in 0.036834 seconds 
  Import took 0.042101 seconds .

========================================================================
Received Import Request.
  Time since last request: 110.518911 seconds.
  path: Assets/Adventure Forest/_prefabs/environment/stones
  artifactKey: Guid(37d102809876e534d90227a548a4d7fe) Importer(815301076,1909f56bfc062723c751e8b465ee728b)
Start importing Assets/Adventure Forest/_prefabs/environment/stones using Guid(37d102809876e534d90227a548a4d7fe) Importer(815301076,1909f56bfc062723c751e8b465ee728b)  -> (artifact id: '229e6c9fa24d495fc2d3cd93b9dabbad') in 0.005052 seconds 
  Import took 0.009164 seconds .

========================================================================
Received Import Request.
  Time since last request: 319.479624 seconds.
  path: Assets/Adventure Forest/_prefabs/structures/bridge
  artifactKey: Guid(fc7551fa585f9774f9c7ce019693aec2) Importer(815301076,1909f56bfc062723c751e8b465ee728b)
Start importing Assets/Adventure Forest/_prefabs/structures/bridge using Guid(fc7551fa585f9774f9c7ce019693aec2) Importer(815301076,1909f56bfc062723c751e8b465ee728b)  -> (artifact id: 'e469ddd6dea80349c42248df99078c0e') in 0.006802 seconds 
  Import took 0.011184 seconds .

========================================================================
Received Import Request.
  Time since last request: 201.484668 seconds.
  path: Assets/Prefabs/Portal.prefab
  artifactKey: Guid(15511044e6ebde14f9a9653e3ceedee3) Importer(815301076,1909f56bfc062723c751e8b465ee728b)
Start importing Assets/Prefabs/Portal.prefab using Guid(15511044e6ebde14f9a9653e3ceedee3) Importer(815301076,1909f56bfc062723c751e8b465ee728b)  -> (artifact id: 'b3ff911c3d644b914ab6efad273063f6') in 0.038559 seconds 
  Import took 0.043881 seconds .

========================================================================
Received Import Request.
  Time since last request: 2505.908854 seconds.
  path: Assets/Prefabs/Portal.prefab
  artifactKey: Guid(15511044e6ebde14f9a9653e3ceedee3) Importer(815301076,1909f56bfc062723c751e8b465ee728b)
Start importing Assets/Prefabs/Portal.prefab using Guid(15511044e6ebde14f9a9653e3ceedee3) Importer(815301076,1909f56bfc062723c751e8b465ee728b)  -> (artifact id: '14a11d89f1802c2cab99a589ecfb671b') in 0.043712 seconds 
  Import took 0.049115 seconds .

========================================================================
Received Import Request.
  Time since last request: 26.351244 seconds.
  path: Assets/Prefabs/Portal.prefab
  artifactKey: Guid(15511044e6ebde14f9a9653e3ceedee3) Importer(815301076,1909f56bfc062723c751e8b465ee728b)
Start importing Assets/Prefabs/Portal.prefab using Guid(15511044e6ebde14f9a9653e3ceedee3) Importer(815301076,1909f56bfc062723c751e8b465ee728b)  -> (artifact id: 'fda3e7cfca10a1b4838b144e1dadb1d6') in 0.058079 seconds 
  Import took 0.063806 seconds .

========================================================================
Received Import Request.
  Time since last request: 1973.702190 seconds.
  path: Assets/Prefabs/Portal.prefab
  artifactKey: Guid(15511044e6ebde14f9a9653e3ceedee3) Importer(815301076,1909f56bfc062723c751e8b465ee728b)
Start importing Assets/Prefabs/Portal.prefab using Guid(15511044e6ebde14f9a9653e3ceedee3) Importer(815301076,1909f56bfc062723c751e8b465ee728b)  -> (artifact id: 'cf6d4233ea863c546641d665400f1f03') in 0.041268 seconds 
  Import took 0.047084 seconds .

========================================================================
Received Import Request.
  Time since last request: 28.560134 seconds.
  path: Assets/Prefabs/Portal.prefab
  artifactKey: Guid(15511044e6ebde14f9a9653e3ceedee3) Importer(815301076,1909f56bfc062723c751e8b465ee728b)
Start importing Assets/Prefabs/Portal.prefab using Guid(15511044e6ebde14f9a9653e3ceedee3) Importer(815301076,1909f56bfc062723c751e8b465ee728b)  -> (artifact id: '03d514bd94cc94fdf8a11865f3d58683') in 0.040027 seconds 
  Import took 0.046580 seconds .

========================================================================
Received Import Request.
  Time since last request: 7.620047 seconds.
  path: Assets/Prefabs/Portal.prefab
  artifactKey: Guid(15511044e6ebde14f9a9653e3ceedee3) Importer(815301076,1909f56bfc062723c751e8b465ee728b)
Start importing Assets/Prefabs/Portal.prefab using Guid(15511044e6ebde14f9a9653e3ceedee3) Importer(815301076,1909f56bfc062723c751e8b465ee728b)  -> (artifact id: '917ba9e4ac83edcdf82d9cd2935e08ad') in 0.041734 seconds 
  Import took 0.047129 seconds .

========================================================================
Received Import Request.
  Time since last request: 22.256449 seconds.
  path: Assets/Prefabs/Portal.prefab
  artifactKey: Guid(15511044e6ebde14f9a9653e3ceedee3) Importer(815301076,1909f56bfc062723c751e8b465ee728b)
Start importing Assets/Prefabs/Portal.prefab using Guid(15511044e6ebde14f9a9653e3ceedee3) Importer(815301076,1909f56bfc062723c751e8b465ee728b)  -> (artifact id: '15767897d08819af120a67f7debf3f8e') in 0.039852 seconds 
  Import took 0.045214 seconds .

========================================================================
Received Import Request.
  Time since last request: 3.385275 seconds.
  path: Assets/Prefabs/Portal.prefab
  artifactKey: Guid(15511044e6ebde14f9a9653e3ceedee3) Importer(815301076,1909f56bfc062723c751e8b465ee728b)
Start importing Assets/Prefabs/Portal.prefab using Guid(15511044e6ebde14f9a9653e3ceedee3) Importer(815301076,1909f56bfc062723c751e8b465ee728b)  -> (artifact id: 'fb91f51cd755be5d48ad3f0ebd89c9df') in 0.039894 seconds 
  Import took 0.045213 seconds .

========================================================================
Received Import Request.
  Time since last request: 10.640829 seconds.
  path: Assets/Prefabs/Portal.prefab
  artifactKey: Guid(15511044e6ebde14f9a9653e3ceedee3) Importer(815301076,1909f56bfc062723c751e8b465ee728b)
Start importing Assets/Prefabs/Portal.prefab using Guid(15511044e6ebde14f9a9653e3ceedee3) Importer(815301076,1909f56bfc062723c751e8b465ee728b)  -> (artifact id: '05ee2b96218f1a3d567be3f00298ebd8') in 0.039297 seconds 
  Import took 0.044639 seconds .

